{
  "RSpec": {
    "coverage": {
      "/home/arss/railsapps/rails-8/sleeptimer/config/environment.rb": {
        "lines": [
          null,
          1,
          null,
          null,
          1
        ]
      },
      "/home/arss/railsapps/rails-8/sleeptimer/config/application.rb": {
        "lines": [
          1,
          null,
          1,
          null,
          null,
          null,
          1,
          null,
          1,
          1,
          null,
          1,
          null,
          null,
          null,
          null,
          1,
          null,
          null,
          null,
          null,
          null,
          null,
          null,
          null,
          null,
          null,
          null,
          null,
          1,
          null,
          null
        ]
      },
      "/home/arss/railsapps/rails-8/sleeptimer/config/boot.rb": {
        "lines": [
          1,
          null,
          1,
          1
        ]
      },
      "/home/arss/railsapps/rails-8/sleeptimer/config/environments/test.rb": {
        "lines": [
          null,
          null,
          null,
          null,
          null,
          1,
          null,
          null,
          null,
          1,
          null,
          null,
          null,
          null,
          null,
          1,
          null,
          null,
          1,
          null,
          null,
          1,
          1,
          null,
          null,
          1,
          null,
          null,
          1,
          null,
          null,
          1,
          null,
          null,
          null,
          null,
          1,
          null,
          null,
          1,
          null,
          null,
          1,
          null,
          null,
          null,
          null,
          null,
          null,
          null,
          null,
          1,
          null
        ]
      },
      "/home/arss/railsapps/rails-8/sleeptimer/config/initializers/cors.rb": {
        "lines": [
          null,
          null,
          null,
          null,
          null,
          null,
          null,
          null,
          null,
          null,
          null,
          null,
          null,
          null,
          null,
          null
        ]
      },
      "/home/arss/railsapps/rails-8/sleeptimer/config/initializers/filter_parameter_logging.rb": {
        "lines": [
          null,
          null,
          null,
          null,
          null,
          1,
          null,
          null
        ]
      },
      "/home/arss/railsapps/rails-8/sleeptimer/config/initializers/inflections.rb": {
        "lines": [
          null,
          null,
          null,
          null,
          null,
          null,
          null,
          null,
          null,
          null,
          null,
          null,
          null,
          null,
          null,
          null
        ]
      },
      "/home/arss/railsapps/rails-8/sleeptimer/config/initializers/rswag_api.rb": {
        "lines": [
          1,
          null,
          null,
          null,
          null,
          null,
          1,
          null,
          null,
          null,
          null,
          null,
          null,
          null
        ]
      },
      "/home/arss/railsapps/rails-8/sleeptimer/config/initializers/rswag_ui.rb": {
        "lines": [
          1,
          null,
          null,
          null,
          null,
          null,
          null,
          null,
          null,
          null,
          1,
          null,
          null,
          null,
          null,
          null
        ]
      },
      "/home/arss/railsapps/rails-8/sleeptimer/spec/factories/followers.rb": {
        "lines": [
          1,
          1,
          2,
          2,
          null,
          null
        ]
      },
      "/home/arss/railsapps/rails-8/sleeptimer/spec/factories/sleep_histories.rb": {
        "lines": [
          1,
          1,
          1,
          15,
          6,
          6,
          null,
          1,
          10,
          10,
          null,
          null,
          null
        ]
      },
      "/home/arss/railsapps/rails-8/sleeptimer/spec/factories/users.rb": {
        "lines": [
          1,
          1,
          33,
          null,
          null
        ]
      },
      "/home/arss/railsapps/rails-8/sleeptimer/spec/support/factory_bot.rb": {
        "lines": [
          1,
          1,
          null
        ]
      },
      "/home/arss/railsapps/rails-8/sleeptimer/spec/support/should_matcher.rb": {
        "lines": [
          1,
          1,
          1,
          1,
          null,
          null
        ]
      },
      "/home/arss/railsapps/rails-8/sleeptimer/app/models/follower.rb": {
        "lines": [
          1,
          1,
          1,
          null,
          1,
          null,
          1,
          4,
          null,
          null,
          1,
          4,
          null,
          null
        ]
      },
      "/home/arss/railsapps/rails-8/sleeptimer/app/models/application_record.rb": {
        "lines": [
          1,
          1,
          null
        ]
      },
      "/home/arss/railsapps/rails-8/sleeptimer/spec/models/sleep_history_spec.rb": {
        "lines": [
          1,
          null,
          1,
          null,
          1,
          2,
          null,
          null,
          null,
          1,
          null,
          2,
          null,
          1,
          3,
          null,
          1,
          2,
          null,
          1,
          1,
          1,
          null,
          null,
          null,
          1,
          1,
          1,
          1,
          null,
          null,
          null,
          null,
          1,
          4,
          4,
          null,
          1,
          1,
          1,
          null,
          null,
          1,
          1,
          1,
          null,
          null,
          1,
          1,
          1,
          null,
          null,
          null,
          null,
          null,
          1,
          4,
          null,
          1,
          1,
          1,
          null,
          null,
          1,
          1,
          1,
          null,
          null,
          null,
          1,
          3,
          3,
          null,
          1,
          1,
          null,
          null,
          1,
          1,
          null,
          null,
          null,
          null
        ]
      },
      "/home/arss/railsapps/rails-8/sleeptimer/app/models/sleep_history.rb": {
        "lines": [
          1,
          1,
          null,
          1,
          1,
          1,
          1,
          null,
          1,
          null,
          3,
          25,
          null,
          1,
          20,
          2,
          null,
          null,
          1,
          4,
          4,
          null,
          null
        ]
      },
      "/home/arss/railsapps/rails-8/sleeptimer/spec/models/user_spec.rb": {
        "lines": [
          1,
          null,
          1,
          1,
          2,
          2,
          2,
          2,
          2,
          null,
          null,
          1,
          3,
          null,
          1,
          2,
          1,
          1,
          null,
          null,
          null,
          1,
          1,
          1,
          null,
          null,
          null,
          null
        ]
      },
      "/home/arss/railsapps/rails-8/sleeptimer/app/models/user.rb": {
        "lines": [
          1,
          1,
          null,
          1,
          1,
          null,
          1,
          1,
          null,
          1,
          20,
          null,
          null,
          1,
          1,
          null,
          null,
          null,
          null,
          null
        ]
      },
      "/home/arss/railsapps/rails-8/sleeptimer/spec/requests/api/v1/user_spec.rb": {
        "lines": [
          1,
          null,
          1,
          1,
          1,
          1,
          1,
          1,
          null,
          1,
          2,
          1,
          2,
          1,
          null,
          null,
          1,
          2,
          1,
          null,
          null,
          null,
          null,
          1,
          1,
          1,
          1,
          1,
          null,
          1,
          2,
          1,
          null,
          null,
          1,
          2,
          1,
          null,
          null,
          null,
          null,
          1,
          1,
          1,
          1,
          1,
          null,
          4,
          3,
          null,
          1,
          1,
          null,
          null,
          1,
          2,
          1,
          null,
          null,
          1,
          2,
          1,
          null,
          null,
          null,
          null,
          1,
          1,
          1,
          1,
          1,
          null,
          4,
          3,
          null,
          1,
          2,
          1,
          null,
          null,
          1,
          2,
          1,
          null,
          null,
          1,
          2,
          1,
          null,
          null,
          null,
          null,
          1,
          1,
          1,
          1,
          1,
          1,
          null,
          4,
          3,
          4,
          3,
          null,
          1,
          1,
          null,
          null,
          1,
          2,
          1,
          null,
          null,
          1,
          2,
          1,
          null,
          null,
          null,
          null,
          1,
          1,
          1,
          1,
          1,
          1,
          null,
          4,
          4,
          2,
          4,
          2,
          null,
          1,
          3,
          null,
          null,
          1,
          1,
          null,
          null,
          1,
          2,
          1,
          null,
          null,
          1,
          2,
          1,
          null,
          null,
          null,
          null
        ]
      },
      "/home/arss/railsapps/rails-8/sleeptimer/spec/swagger_helper.rb": {
        "lines": [
          null,
          null,
          1,
          null,
          1,
          null,
          null,
          null,
          1,
          null,
          null,
          null,
          null,
          null,
          null,
          null,
          1,
          null,
          null,
          null,
          null,
          null,
          null,
          null,
          null,
          null,
          null,
          null,
          null,
          null,
          null,
          null,
          null,
          null,
          null,
          null,
          null,
          null,
          null,
          null,
          null,
          1,
          null
        ]
      },
      "/home/arss/railsapps/rails-8/sleeptimer/config/routes.rb": {
        "lines": [
          1,
          1,
          1,
          null,
          null,
          null,
          null,
          1,
          null,
          null,
          null,
          null,
          1,
          1,
          1,
          1,
          1,
          1,
          1,
          1,
          1,
          null,
          null,
          null,
          null,
          null
        ]
      },
      "/home/arss/railsapps/rails-8/sleeptimer/app/controllers/api/v1/users_controller.rb": {
        "lines": [
          1,
          1,
          1,
          1,
          null,
          1,
          1,
          null,
          null,
          1,
          2,
          2,
          1,
          null,
          1,
          null,
          null,
          null,
          1,
          2,
          2,
          null,
          1,
          1,
          null,
          0,
          null,
          null,
          null,
          1,
          6,
          5,
          5,
          null,
          4,
          4,
          null,
          0,
          null,
          null,
          null,
          1,
          3,
          2,
          2,
          null,
          1,
          1,
          null,
          0,
          null,
          null,
          null,
          1,
          1,
          1,
          null,
          null,
          1,
          1,
          19,
          null,
          null,
          null,
          null
        ]
      },
      "/home/arss/railsapps/rails-8/sleeptimer/app/controllers/api/v1/base_controller.rb": {
        "lines": [
          1,
          1,
          1,
          null,
          null,
          null
        ]
      },
      "/home/arss/railsapps/rails-8/sleeptimer/app/controllers/application_controller.rb": {
        "lines": [
          1,
          1,
          1,
          null,
          1,
          6,
          null,
          null
        ]
      },
      "/home/arss/railsapps/rails-8/sleeptimer/app/controllers/concerns/jsonapi_response.rb": {
        "lines": [
          1,
          1,
          null,
          1,
          1,
          3,
          3,
          3,
          null,
          0,
          0,
          null,
          null,
          3,
          null,
          null,
          null,
          null,
          null,
          null
        ]
      },
      "/home/arss/railsapps/rails-8/sleeptimer/app/serializers/api/v1/user_serializer.rb": {
        "lines": [
          1,
          1,
          1,
          1,
          1,
          null,
          1,
          1,
          1,
          null,
          null,
          1,
          1,
          null,
          null,
          null,
          null,
          null
        ]
      },
      "/home/arss/railsapps/rails-8/sleeptimer/app/serializers/api/v1/sleep_history_serializer.rb": {
        "lines": [
          1,
          1,
          1,
          1,
          1,
          null,
          1,
          1,
          null,
          0,
          0,
          0,
          0,
          null,
          null,
          1,
          1,
          null,
          null,
          null,
          null
        ]
      },
      "/home/arss/railsapps/rails-8/sleeptimer/app/serializers/api/v1/follower_serializer.rb": {
        "lines": [
          1,
          1,
          1,
          1,
          1,
          null,
          null,
          null
        ]
      }
    },
    "timestamp": 1739778808
  }
}
